[debug] [2021-03-13T14:38:10.896Z] ----------------------------------------------------------------------
[debug] [2021-03-13T14:38:10.898Z] Command:       C:\Program Files\nodejs\node.exe C:\Users\darre\AppData\Roaming\npm\node_modules\firebase-tools\lib\bin\firebase.js deploy --only functions
[debug] [2021-03-13T14:38:10.898Z] CLI Version:   9.3.0
[debug] [2021-03-13T14:38:10.898Z] Platform:      win32
[debug] [2021-03-13T14:38:10.898Z] Node Version:  v12.15.0
[debug] [2021-03-13T14:38:10.899Z] Time:          Sat Mar 13 2021 14:38:10 GMT+0000 (Greenwich Mean Time)
[debug] [2021-03-13T14:38:10.899Z] ----------------------------------------------------------------------
[debug] [2021-03-13T14:38:10.899Z] 
[debug] [2021-03-13T14:38:10.906Z] > command requires scopes: ["email","openid","https://www.googleapis.com/auth/cloudplatformprojects.readonly","https://www.googleapis.com/auth/firebase","https://www.googleapis.com/auth/cloud-platform"]
[debug] [2021-03-13T14:38:10.907Z] > authorizing via signed-in user
[debug] [2021-03-13T14:38:10.907Z] [iam] checking project rubberdubdub-4b15f for permissions ["cloudfunctions.functions.create","cloudfunctions.functions.delete","cloudfunctions.functions.get","cloudfunctions.functions.list","cloudfunctions.functions.update","cloudfunctions.operations.get","firebase.projects.get"]
[debug] [2021-03-13T14:38:10.909Z] > refreshing access token with scopes: ["email","https://www.googleapis.com/auth/cloud-platform","https://www.googleapis.com/auth/cloudplatformprojects.readonly","https://www.googleapis.com/auth/firebase","openid"]
[debug] [2021-03-13T14:38:10.909Z] >>> HTTP REQUEST POST https://www.googleapis.com/oauth2/v3/token  
 <request body omitted>
[debug] [2021-03-13T14:38:11.048Z] <<< HTTP RESPONSE 200 {"pragma":"no-cache","cache-control":"no-cache, no-store, max-age=0, must-revalidate","date":"Sat, 13 Mar 2021 14:38:11 GMT","expires":"Mon, 01 Jan 1990 00:00:00 GMT","content-type":"application/json; charset=utf-8","vary":"X-Origin, Referer, Origin,Accept-Encoding","server":"scaffolding on HTTPServer2","x-xss-protection":"0","x-frame-options":"SAMEORIGIN","x-content-type-options":"nosniff","alt-svc":"h3-29=\":443\"; ma=2592000,h3-T051=\":443\"; ma=2592000,h3-Q050=\":443\"; ma=2592000,h3-Q046=\":443\"; ma=2592000,h3-Q043=\":443\"; ma=2592000,quic=\":443\"; ma=2592000; v=\"46,43\"","accept-ranges":"none","transfer-encoding":"chunked"}
[debug] [2021-03-13T14:38:11.061Z] >>> HTTP REQUEST POST https://cloudresourcemanager.googleapis.com/v1/projects/rubberdubdub-4b15f:testIamPermissions  
 {"permissions":["cloudfunctions.functions.create","cloudfunctions.functions.delete","cloudfunctions.functions.get","cloudfunctions.functions.list","cloudfunctions.functions.update","cloudfunctions.operations.get","firebase.projects.get"]}
[debug] [2021-03-13T14:38:11.710Z] <<< HTTP RESPONSE 200 {"content-type":"application/json; charset=UTF-8","vary":"X-Origin, Referer, Origin,Accept-Encoding","date":"Sat, 13 Mar 2021 14:38:11 GMT","server":"ESF","cache-control":"private","x-xss-protection":"0","x-frame-options":"SAMEORIGIN","x-content-type-options":"nosniff","server-timing":"gfet4t7; dur=546","alt-svc":"h3-29=\":443\"; ma=2592000,h3-T051=\":443\"; ma=2592000,h3-Q050=\":443\"; ma=2592000,h3-Q046=\":443\"; ma=2592000,h3-Q043=\":443\"; ma=2592000,quic=\":443\"; ma=2592000; v=\"46,43\"","accept-ranges":"none","transfer-encoding":"chunked"}
[debug] [2021-03-13T14:38:11.710Z] >>> HTTP REQUEST POST https://iam.googleapis.com/v1/projects/rubberdubdub-4b15f/serviceAccounts/rubberdubdub-4b15f@appspot.gserviceaccount.com:testIamPermissions  
 {"permissions":["iam.serviceAccounts.actAs"]}
[debug] [2021-03-13T14:38:12.030Z] <<< HTTP RESPONSE 200 {"content-type":"application/json; charset=UTF-8","vary":"X-Origin, Referer, Origin,Accept-Encoding","date":"Sat, 13 Mar 2021 14:38:12 GMT","server":"ESF","cache-control":"private","x-xss-protection":"0","x-frame-options":"SAMEORIGIN","x-content-type-options":"nosniff","alt-svc":"h3-29=\":443\"; ma=2592000,h3-T051=\":443\"; ma=2592000,h3-Q050=\":443\"; ma=2592000,h3-Q046=\":443\"; ma=2592000,h3-Q043=\":443\"; ma=2592000,quic=\":443\"; ma=2592000; v=\"46,43\"","accept-ranges":"none","transfer-encoding":"chunked"}
[warn] !  functions: package.json indicates an outdated version of firebase-functions.
Please upgrade using npm install --save firebase-functions@latest in your functions directory. 
[info] 
[info] === Deploying to 'rubberdubdub-4b15f'...
[info] 
[info] i  deploying functions 
[debug] [2021-03-13T14:38:14.214Z] > [functions] package.json contents: {
  "name": "functions",
  "description": "Cloud Functions for Firebase",
  "scripts": {
    "serve": "firebase emulators:start --only functions",
    "shell": "firebase functions:shell",
    "start": "npm run shell",
    "deploy": "firebase deploy --only functions",
    "logs": "firebase functions:log"
  },
  "engines": {
    "node": "12"
  },
  "main": "index.js",
  "dependencies": {
    "axios": "^0.21.1",
    "express": "^4.17.1",
    "firebase": "^8.2.6",
    "firebase-admin": "^9.4.2",
    "firebase-functions": "^3.11.0"
  },
  "devDependencies": {
    "firebase-functions-test": "^0.2.0"
  },
  "private": true
}
[info] i  functions: ensuring required API cloudfunctions.googleapis.com is enabled... 
[info] i  functions: ensuring required API cloudbuild.googleapis.com is enabled... 
[debug] [2021-03-13T14:38:15.341Z] >>> HTTP REQUEST GET https://serviceusage.googleapis.com/v1/projects/rubberdubdub-4b15f/services/cloudfunctions.googleapis.com  
 
[debug] [2021-03-13T14:38:15.341Z] >>> HTTP REQUEST GET https://serviceusage.googleapis.com/v1/projects/rubberdubdub-4b15f/services/runtimeconfig.googleapis.com  
 
[debug] [2021-03-13T14:38:15.341Z] >>> HTTP REQUEST GET https://serviceusage.googleapis.com/v1/projects/rubberdubdub-4b15f/services/cloudbuild.googleapis.com  
 
[debug] [2021-03-13T14:38:16.219Z] <<< HTTP RESPONSE 200 {"content-type":"application/json; charset=UTF-8","vary":"X-Origin, Referer, Origin,Accept-Encoding","date":"Sat, 13 Mar 2021 14:38:16 GMT","server":"ESF","cache-control":"private","x-xss-protection":"0","x-frame-options":"SAMEORIGIN","x-content-type-options":"nosniff","alt-svc":"h3-29=\":443\"; ma=2592000,h3-T051=\":443\"; ma=2592000,h3-Q050=\":443\"; ma=2592000,h3-Q046=\":443\"; ma=2592000,h3-Q043=\":443\"; ma=2592000,quic=\":443\"; ma=2592000; v=\"46,43\"","accept-ranges":"none","transfer-encoding":"chunked"}
[debug] [2021-03-13T14:38:16.258Z] <<< HTTP RESPONSE 200 {"content-type":"application/json; charset=UTF-8","vary":"X-Origin, Referer, Origin,Accept-Encoding","date":"Sat, 13 Mar 2021 14:38:16 GMT","server":"ESF","cache-control":"private","x-xss-protection":"0","x-frame-options":"SAMEORIGIN","x-content-type-options":"nosniff","alt-svc":"h3-29=\":443\"; ma=2592000,h3-T051=\":443\"; ma=2592000,h3-Q050=\":443\"; ma=2592000,h3-Q046=\":443\"; ma=2592000,h3-Q043=\":443\"; ma=2592000,quic=\":443\"; ma=2592000; v=\"46,43\"","accept-ranges":"none","transfer-encoding":"chunked"}
[info] +  functions: required API cloudbuild.googleapis.com is enabled 
[debug] [2021-03-13T14:38:16.261Z] <<< HTTP RESPONSE 200 {"content-type":"application/json; charset=UTF-8","vary":"X-Origin, Referer, Origin,Accept-Encoding","date":"Sat, 13 Mar 2021 14:38:16 GMT","server":"ESF","cache-control":"private","x-xss-protection":"0","x-frame-options":"SAMEORIGIN","x-content-type-options":"nosniff","alt-svc":"h3-29=\":443\"; ma=2592000,h3-T051=\":443\"; ma=2592000,h3-Q050=\":443\"; ma=2592000,h3-Q046=\":443\"; ma=2592000,h3-Q043=\":443\"; ma=2592000,quic=\":443\"; ma=2592000; v=\"46,43\"","accept-ranges":"none","transfer-encoding":"chunked"}
[info] +  functions: required API cloudfunctions.googleapis.com is enabled 
[debug] [2021-03-13T14:38:16.272Z] >>> HTTP REQUEST GET https://firebase.googleapis.com/v1beta1/projects/rubberdubdub-4b15f/adminSdkConfig  
 
[debug] [2021-03-13T14:38:16.624Z] <<< HTTP RESPONSE 200 {"content-type":"application/json; charset=UTF-8","vary":"X-Origin, Referer, Origin,Accept-Encoding","date":"Sat, 13 Mar 2021 14:38:16 GMT","server":"ESF","cache-control":"private","x-xss-protection":"0","x-frame-options":"SAMEORIGIN","x-content-type-options":"nosniff","alt-svc":"h3-29=\":443\"; ma=2592000,h3-T051=\":443\"; ma=2592000,h3-Q050=\":443\"; ma=2592000,h3-Q046=\":443\"; ma=2592000,h3-Q043=\":443\"; ma=2592000,quic=\":443\"; ma=2592000; v=\"46,43\"","accept-ranges":"none","transfer-encoding":"chunked"}
[info] i  functions: preparing functions directory for uploading... 
[debug] [2021-03-13T14:38:16.629Z] >>> HTTP REQUEST GET https://runtimeconfig.googleapis.com/v1beta1/projects/rubberdubdub-4b15f/configs  
 
[debug] [2021-03-13T14:38:16.996Z] <<< HTTP RESPONSE 200 {"content-type":"application/json; charset=UTF-8","vary":"X-Origin, Referer, Origin,Accept-Encoding","date":"Sat, 13 Mar 2021 14:38:16 GMT","server":"ESF","cache-control":"private","x-xss-protection":"0","x-frame-options":"SAMEORIGIN","x-content-type-options":"nosniff","alt-svc":"h3-29=\":443\"; ma=2592000,h3-T051=\":443\"; ma=2592000,h3-Q050=\":443\"; ma=2592000,h3-Q046=\":443\"; ma=2592000,h3-Q043=\":443\"; ma=2592000,quic=\":443\"; ma=2592000; v=\"46,43\"","accept-ranges":"none","transfer-encoding":"chunked"}
[debug] [2021-03-13T14:38:16.997Z] >>> HTTP REQUEST GET https://runtimeconfig.googleapis.com/v1beta1/projects/rubberdubdub-4b15f/configs/twitch/variables  
 
[debug] [2021-03-13T14:38:17.303Z] <<< HTTP RESPONSE 200 {"content-type":"application/json; charset=UTF-8","vary":"X-Origin, Referer, Origin,Accept-Encoding","date":"Sat, 13 Mar 2021 14:38:17 GMT","server":"ESF","cache-control":"private","x-xss-protection":"0","x-frame-options":"SAMEORIGIN","x-content-type-options":"nosniff","alt-svc":"h3-29=\":443\"; ma=2592000,h3-T051=\":443\"; ma=2592000,h3-Q050=\":443\"; ma=2592000,h3-Q046=\":443\"; ma=2592000,h3-Q043=\":443\"; ma=2592000,quic=\":443\"; ma=2592000; v=\"46,43\"","accept-ranges":"none","transfer-encoding":"chunked"}
[debug] [2021-03-13T14:38:17.305Z] >>> HTTP REQUEST GET https://runtimeconfig.googleapis.com/v1beta1/projects/rubberdubdub-4b15f/configs/twitch/variables/id  
 
[debug] [2021-03-13T14:38:17.305Z] >>> HTTP REQUEST GET https://runtimeconfig.googleapis.com/v1beta1/projects/rubberdubdub-4b15f/configs/twitch/variables/secret  
 
[debug] [2021-03-13T14:38:17.306Z] >>> HTTP REQUEST GET https://runtimeconfig.googleapis.com/v1beta1/projects/rubberdubdub-4b15f/configs/twitch/variables/token  
 
[debug] [2021-03-13T14:38:17.551Z] <<< HTTP RESPONSE 200 {"content-type":"application/json; charset=UTF-8","vary":"X-Origin, Referer, Origin,Accept-Encoding","date":"Sat, 13 Mar 2021 14:38:17 GMT","server":"ESF","cache-control":"private","x-xss-protection":"0","x-frame-options":"SAMEORIGIN","x-content-type-options":"nosniff","alt-svc":"h3-29=\":443\"; ma=2592000,h3-T051=\":443\"; ma=2592000,h3-Q050=\":443\"; ma=2592000,h3-Q046=\":443\"; ma=2592000,h3-Q043=\":443\"; ma=2592000,quic=\":443\"; ma=2592000; v=\"46,43\"","accept-ranges":"none","transfer-encoding":"chunked"}
[debug] [2021-03-13T14:38:17.558Z] <<< HTTP RESPONSE 200 {"content-type":"application/json; charset=UTF-8","vary":"X-Origin, Referer, Origin,Accept-Encoding","date":"Sat, 13 Mar 2021 14:38:17 GMT","server":"ESF","cache-control":"private","x-xss-protection":"0","x-frame-options":"SAMEORIGIN","x-content-type-options":"nosniff","alt-svc":"h3-29=\":443\"; ma=2592000,h3-T051=\":443\"; ma=2592000,h3-Q050=\":443\"; ma=2592000,h3-Q046=\":443\"; ma=2592000,h3-Q043=\":443\"; ma=2592000,quic=\":443\"; ma=2592000; v=\"46,43\"","accept-ranges":"none","transfer-encoding":"chunked"}
[debug] [2021-03-13T14:38:17.629Z] <<< HTTP RESPONSE 200 {"content-type":"application/json; charset=UTF-8","vary":"X-Origin, Referer, Origin,Accept-Encoding","date":"Sat, 13 Mar 2021 14:38:17 GMT","server":"ESF","cache-control":"private","x-xss-protection":"0","x-frame-options":"SAMEORIGIN","x-content-type-options":"nosniff","alt-svc":"h3-29=\":443\"; ma=2592000,h3-T051=\":443\"; ma=2592000,h3-Q050=\":443\"; ma=2592000,h3-Q046=\":443\"; ma=2592000,h3-Q043=\":443\"; ma=2592000,quic=\":443\"; ma=2592000; v=\"46,43\"","accept-ranges":"none","transfer-encoding":"chunked"}
[info] i  functions: packaged functions (28.57 KB) for uploading 
[debug] [2021-03-13T14:38:18.154Z] >>> HTTP REQUEST GET https://cloudfunctions.googleapis.com/v1/projects/rubberdubdub-4b15f/locations/-/functions  
 
[debug] [2021-03-13T14:38:18.723Z] <<< HTTP RESPONSE 200 {"content-type":"application/json; charset=UTF-8","vary":"X-Origin, Referer, Origin,Accept-Encoding","date":"Sat, 13 Mar 2021 14:38:18 GMT","server":"ESF","cache-control":"private","x-xss-protection":"0","x-frame-options":"SAMEORIGIN","x-content-type-options":"nosniff","alt-svc":"h3-29=\":443\"; ma=2592000,h3-T051=\":443\"; ma=2592000,h3-Q050=\":443\"; ma=2592000,h3-Q046=\":443\"; ma=2592000,h3-Q043=\":443\"; ma=2592000,quic=\":443\"; ma=2592000; v=\"46,43\"","accept-ranges":"none","transfer-encoding":"chunked"}
[debug] [2021-03-13T14:38:18.727Z] >>> HTTP REQUEST POST https://cloudfunctions.googleapis.com/v1/projects/rubberdubdub-4b15f/locations/us-central1/functions:generateUploadUrl  
 
[debug] [2021-03-13T14:38:19.368Z] <<< HTTP RESPONSE 200 {"content-type":"application/json; charset=UTF-8","vary":"X-Origin, Referer, Origin,Accept-Encoding","date":"Sat, 13 Mar 2021 14:38:19 GMT","server":"ESF","cache-control":"private","x-xss-protection":"0","x-frame-options":"SAMEORIGIN","x-content-type-options":"nosniff","alt-svc":"h3-29=\":443\"; ma=2592000,h3-T051=\":443\"; ma=2592000,h3-Q050=\":443\"; ma=2592000,h3-Q046=\":443\"; ma=2592000,h3-Q043=\":443\"; ma=2592000,quic=\":443\"; ma=2592000; v=\"46,43\"","accept-ranges":"none","transfer-encoding":"chunked"}
[debug] [2021-03-13T14:38:19.370Z] >>> HTTP REQUEST PUT https://storage.googleapis.com/gcf-upload-us-central1-0c1e8afd-37a7-42f4-8aca-0d918d737c68/846be43f-74f7-4f96-ac18-f060fd64bb2c.zip?GoogleAccessId=service-806656543200@gcf-admin-robot.iam.gserviceaccount.com&Expires=1615648099&Signature=HcirfiYUcNNeCvXkox0RHk0E7BILYICtTAFgRtOS6bPj3LR8DCxTaZkn8FxdphxiMZX%2Bf%2Bw0k9cCKGiosrTqX4bedl%2FHFxiiNJe4b4zhA9Evk7mSuRfdWueWZnZOiL6W3%2FgtPE2WSO2DWjTn7nu7ugc3z3D18JWT4JZXbbK0xXtjaUFNemjtUyDigInDguqzwSAO9wrojVfHr%2Bc4C0eB4x%2BtTgiWSXvtLIhIcFrO%2BD5ELtgqq%2Fdi5kano8SJremLKUuZPrdnDp1rx92ZtVeyjutjSnlQuz%2BE2llvoBjJ9VLj14bCQlJWy80BkHIGxPy317VDh363YrNmZ%2FSFOU1%2BxQ%3D%3D  
 <request body omitted>
[debug] [2021-03-13T14:38:19.745Z] <<< HTTP RESPONSE 200 {"x-guploader-uploadid":"ABg5-UzNhRUnVznoDEQ1VbIAHXTmoCTOzpapO8Hx063bjTiZUTNyB1DorX54Ckd4VnOq6n6Es4yi4eFzAcrhd4foQ10ciTN98A","etag":"\"55b830e9273fd421a553f6f1fd22e295\"","x-goog-generation":"1615646299713722","x-goog-metageneration":"1","x-goog-hash":"crc32c=CR+08w==, md5=Vbgw6Sc/1CGlU/bx/SLilQ==","x-goog-stored-content-length":"29254","x-goog-stored-content-encoding":"identity","vary":"Origin","content-length":"0","date":"Sat, 13 Mar 2021 14:38:19 GMT","server":"UploadServer","content-type":"text/html; charset=UTF-8","alt-svc":"h3-29=\":443\"; ma=2592000,h3-T051=\":443\"; ma=2592000,h3-Q050=\":443\"; ma=2592000,h3-Q046=\":443\"; ma=2592000,h3-Q043=\":443\"; ma=2592000,quic=\":443\"; ma=2592000; v=\"46,43\""}
[info] +  functions: functions folder uploaded successfully 
[info] i  functions: updating Node.js 12 function api(us-central1)... 
[debug] [2021-03-13T14:38:19.751Z] Trigger is:  {"httpsTrigger":{}}
[debug] [2021-03-13T14:38:19.752Z] >>> HTTP REQUEST PATCH https://cloudfunctions.googleapis.com/v1/projects/rubberdubdub-4b15f/locations/us-central1/functions/api {"updateMask":"sourceUploadUrl,name,labels,runtime,environmentVariables,httpsTrigger"} 
 {"sourceUploadUrl":"https://storage.googleapis.com/gcf-upload-us-central1-0c1e8afd-37a7-42f4-8aca-0d918d737c68/846be43f-74f7-4f96-ac18-f060fd64bb2c.zip?GoogleAccessId=service-806656543200@gcf-admin-robot.iam.gserviceaccount.com&Expires=1615648099&Signature=HcirfiYUcNNeCvXkox0RHk0E7BILYICtTAFgRtOS6bPj3LR8DCxTaZkn8FxdphxiMZX%2Bf%2Bw0k9cCKGiosrTqX4bedl%2FHFxiiNJe4b4zhA9Evk7mSuRfdWueWZnZOiL6W3%2FgtPE2WSO2DWjTn7nu7ugc3z3D18JWT4JZXbbK0xXtjaUFNemjtUyDigInDguqzwSAO9wrojVfHr%2Bc4C0eB4x%2BtTgiWSXvtLIhIcFrO%2BD5ELtgqq%2Fdi5kano8SJremLKUuZPrdnDp1rx92ZtVeyjutjSnlQuz%2BE2llvoBjJ9VLj14bCQlJWy80BkHIGxPy317VDh363YrNmZ%2FSFOU1%2BxQ%3D%3D","name":"projects/rubberdubdub-4b15f/locations/us-central1/functions/api","labels":{"deployment-tool":"cli-firebase"},"httpsTrigger":{},"runtime":"nodejs12","environmentVariables":{"FIREBASE_CONFIG":"{\"projectId\":\"rubberdubdub-4b15f\",\"storageBucket\":\"rubberdubdub-4b15f.appspot.com\",\"locationId\":\"europe-west\"}"}}
[debug] [2021-03-13T14:38:20.597Z] <<< HTTP RESPONSE 200 {"content-type":"application/json; charset=UTF-8","vary":"X-Origin, Referer, Origin,Accept-Encoding","date":"Sat, 13 Mar 2021 14:38:20 GMT","server":"ESF","cache-control":"private","x-xss-protection":"0","x-frame-options":"SAMEORIGIN","x-content-type-options":"nosniff","alt-svc":"h3-29=\":443\"; ma=2592000,h3-T051=\":443\"; ma=2592000,h3-Q050=\":443\"; ma=2592000,h3-Q046=\":443\"; ma=2592000,h3-Q043=\":443\"; ma=2592000,quic=\":443\"; ma=2592000; v=\"46,43\"","accept-ranges":"none","transfer-encoding":"chunked"}
[debug] [2021-03-13T14:38:20.598Z] >>> HTTP REQUEST GET https://cloudfunctions.googleapis.com/v1/projects/rubberdubdub-4b15f/locations/-/functions  
 
[debug] [2021-03-13T14:38:21.121Z] <<< HTTP RESPONSE 200 {"content-type":"application/json; charset=UTF-8","vary":"X-Origin, Referer, Origin,Accept-Encoding","date":"Sat, 13 Mar 2021 14:38:21 GMT","server":"ESF","cache-control":"private","x-xss-protection":"0","x-frame-options":"SAMEORIGIN","x-content-type-options":"nosniff","alt-svc":"h3-29=\":443\"; ma=2592000,h3-T051=\":443\"; ma=2592000,h3-Q050=\":443\"; ma=2592000,h3-Q046=\":443\"; ma=2592000,h3-Q043=\":443\"; ma=2592000,quic=\":443\"; ma=2592000; v=\"46,43\"","accept-ranges":"none","transfer-encoding":"chunked"}
[debug] [2021-03-13T14:38:21.122Z] >>> HTTP REQUEST GET https://cloudfunctions.googleapis.com/v1/operations/cnViYmVyZHViZHViLTRiMTVmL3VzLWNlbnRyYWwxL2FwaS91MTFpN3pLcnVzbw  
 
[debug] [2021-03-13T14:38:21.373Z] <<< HTTP RESPONSE 200 {"content-type":"application/json; charset=UTF-8","vary":"X-Origin, Referer, Origin,Accept-Encoding","date":"Sat, 13 Mar 2021 14:38:21 GMT","server":"ESF","cache-control":"private","x-xss-protection":"0","x-frame-options":"SAMEORIGIN","x-content-type-options":"nosniff","alt-svc":"h3-29=\":443\"; ma=2592000,h3-T051=\":443\"; ma=2592000,h3-Q050=\":443\"; ma=2592000,h3-Q046=\":443\"; ma=2592000,h3-Q043=\":443\"; ma=2592000,quic=\":443\"; ma=2592000; v=\"46,43\"","accept-ranges":"none","transfer-encoding":"chunked"}
[debug] [2021-03-13T14:38:23.376Z] >>> HTTP REQUEST GET https://cloudfunctions.googleapis.com/v1/operations/cnViYmVyZHViZHViLTRiMTVmL3VzLWNlbnRyYWwxL2FwaS91MTFpN3pLcnVzbw  
 
[debug] [2021-03-13T14:38:23.633Z] <<< HTTP RESPONSE 200 {"content-type":"application/json; charset=UTF-8","vary":"X-Origin, Referer, Origin,Accept-Encoding","date":"Sat, 13 Mar 2021 14:38:23 GMT","server":"ESF","cache-control":"private","x-xss-protection":"0","x-frame-options":"SAMEORIGIN","x-content-type-options":"nosniff","alt-svc":"h3-29=\":443\"; ma=2592000,h3-T051=\":443\"; ma=2592000,h3-Q050=\":443\"; ma=2592000,h3-Q046=\":443\"; ma=2592000,h3-Q043=\":443\"; ma=2592000,quic=\":443\"; ma=2592000; v=\"46,43\"","accept-ranges":"none","transfer-encoding":"chunked"}
[debug] [2021-03-13T14:38:25.634Z] >>> HTTP REQUEST GET https://cloudfunctions.googleapis.com/v1/operations/cnViYmVyZHViZHViLTRiMTVmL3VzLWNlbnRyYWwxL2FwaS91MTFpN3pLcnVzbw  
 
[debug] [2021-03-13T14:38:25.879Z] <<< HTTP RESPONSE 200 {"content-type":"application/json; charset=UTF-8","vary":"X-Origin, Referer, Origin,Accept-Encoding","date":"Sat, 13 Mar 2021 14:38:25 GMT","server":"ESF","cache-control":"private","x-xss-protection":"0","x-frame-options":"SAMEORIGIN","x-content-type-options":"nosniff","alt-svc":"h3-29=\":443\"; ma=2592000,h3-T051=\":443\"; ma=2592000,h3-Q050=\":443\"; ma=2592000,h3-Q046=\":443\"; ma=2592000,h3-Q043=\":443\"; ma=2592000,quic=\":443\"; ma=2592000; v=\"46,43\"","accept-ranges":"none","transfer-encoding":"chunked"}
[debug] [2021-03-13T14:38:27.881Z] >>> HTTP REQUEST GET https://cloudfunctions.googleapis.com/v1/operations/cnViYmVyZHViZHViLTRiMTVmL3VzLWNlbnRyYWwxL2FwaS91MTFpN3pLcnVzbw  
 
[debug] [2021-03-13T14:38:28.138Z] <<< HTTP RESPONSE 200 {"content-type":"application/json; charset=UTF-8","vary":"X-Origin, Referer, Origin,Accept-Encoding","date":"Sat, 13 Mar 2021 14:38:28 GMT","server":"ESF","cache-control":"private","x-xss-protection":"0","x-frame-options":"SAMEORIGIN","x-content-type-options":"nosniff","alt-svc":"h3-29=\":443\"; ma=2592000,h3-T051=\":443\"; ma=2592000,h3-Q050=\":443\"; ma=2592000,h3-Q046=\":443\"; ma=2592000,h3-Q043=\":443\"; ma=2592000,quic=\":443\"; ma=2592000; v=\"46,43\"","accept-ranges":"none","transfer-encoding":"chunked"}
[debug] [2021-03-13T14:38:30.140Z] >>> HTTP REQUEST GET https://cloudfunctions.googleapis.com/v1/operations/cnViYmVyZHViZHViLTRiMTVmL3VzLWNlbnRyYWwxL2FwaS91MTFpN3pLcnVzbw  
 
[debug] [2021-03-13T14:38:30.430Z] <<< HTTP RESPONSE 200 {"content-type":"application/json; charset=UTF-8","vary":"X-Origin, Referer, Origin,Accept-Encoding","date":"Sat, 13 Mar 2021 14:38:30 GMT","server":"ESF","cache-control":"private","x-xss-protection":"0","x-frame-options":"SAMEORIGIN","x-content-type-options":"nosniff","alt-svc":"h3-29=\":443\"; ma=2592000,h3-T051=\":443\"; ma=2592000,h3-Q050=\":443\"; ma=2592000,h3-Q046=\":443\"; ma=2592000,h3-Q043=\":443\"; ma=2592000,quic=\":443\"; ma=2592000; v=\"46,43\"","accept-ranges":"none","transfer-encoding":"chunked"}
[debug] [2021-03-13T14:38:32.431Z] >>> HTTP REQUEST GET https://cloudfunctions.googleapis.com/v1/operations/cnViYmVyZHViZHViLTRiMTVmL3VzLWNlbnRyYWwxL2FwaS91MTFpN3pLcnVzbw  
 
[debug] [2021-03-13T14:38:32.688Z] <<< HTTP RESPONSE 200 {"content-type":"application/json; charset=UTF-8","vary":"X-Origin, Referer, Origin,Accept-Encoding","date":"Sat, 13 Mar 2021 14:38:32 GMT","server":"ESF","cache-control":"private","x-xss-protection":"0","x-frame-options":"SAMEORIGIN","x-content-type-options":"nosniff","alt-svc":"h3-29=\":443\"; ma=2592000,h3-T051=\":443\"; ma=2592000,h3-Q050=\":443\"; ma=2592000,h3-Q046=\":443\"; ma=2592000,h3-Q043=\":443\"; ma=2592000,quic=\":443\"; ma=2592000; v=\"46,43\"","accept-ranges":"none","transfer-encoding":"chunked"}
[debug] [2021-03-13T14:38:34.690Z] >>> HTTP REQUEST GET https://cloudfunctions.googleapis.com/v1/operations/cnViYmVyZHViZHViLTRiMTVmL3VzLWNlbnRyYWwxL2FwaS91MTFpN3pLcnVzbw  
 
[debug] [2021-03-13T14:38:34.936Z] <<< HTTP RESPONSE 200 {"content-type":"application/json; charset=UTF-8","vary":"X-Origin, Referer, Origin,Accept-Encoding","date":"Sat, 13 Mar 2021 14:38:34 GMT","server":"ESF","cache-control":"private","x-xss-protection":"0","x-frame-options":"SAMEORIGIN","x-content-type-options":"nosniff","alt-svc":"h3-29=\":443\"; ma=2592000,h3-T051=\":443\"; ma=2592000,h3-Q050=\":443\"; ma=2592000,h3-Q046=\":443\"; ma=2592000,h3-Q043=\":443\"; ma=2592000,quic=\":443\"; ma=2592000; v=\"46,43\"","accept-ranges":"none","transfer-encoding":"chunked"}
[debug] [2021-03-13T14:38:36.937Z] >>> HTTP REQUEST GET https://cloudfunctions.googleapis.com/v1/operations/cnViYmVyZHViZHViLTRiMTVmL3VzLWNlbnRyYWwxL2FwaS91MTFpN3pLcnVzbw  
 
[debug] [2021-03-13T14:38:37.202Z] <<< HTTP RESPONSE 200 {"content-type":"application/json; charset=UTF-8","vary":"X-Origin, Referer, Origin,Accept-Encoding","date":"Sat, 13 Mar 2021 14:38:37 GMT","server":"ESF","cache-control":"private","x-xss-protection":"0","x-frame-options":"SAMEORIGIN","x-content-type-options":"nosniff","alt-svc":"h3-29=\":443\"; ma=2592000,h3-T051=\":443\"; ma=2592000,h3-Q050=\":443\"; ma=2592000,h3-Q046=\":443\"; ma=2592000,h3-Q043=\":443\"; ma=2592000,quic=\":443\"; ma=2592000; v=\"46,43\"","accept-ranges":"none","transfer-encoding":"chunked"}
[debug] [2021-03-13T14:38:39.205Z] >>> HTTP REQUEST GET https://cloudfunctions.googleapis.com/v1/operations/cnViYmVyZHViZHViLTRiMTVmL3VzLWNlbnRyYWwxL2FwaS91MTFpN3pLcnVzbw  
 
[debug] [2021-03-13T14:38:39.451Z] <<< HTTP RESPONSE 200 {"content-type":"application/json; charset=UTF-8","vary":"X-Origin, Referer, Origin,Accept-Encoding","date":"Sat, 13 Mar 2021 14:38:39 GMT","server":"ESF","cache-control":"private","x-xss-protection":"0","x-frame-options":"SAMEORIGIN","x-content-type-options":"nosniff","alt-svc":"h3-29=\":443\"; ma=2592000,h3-T051=\":443\"; ma=2592000,h3-Q050=\":443\"; ma=2592000,h3-Q046=\":443\"; ma=2592000,h3-Q043=\":443\"; ma=2592000,quic=\":443\"; ma=2592000; v=\"46,43\"","accept-ranges":"none","transfer-encoding":"chunked"}
[debug] [2021-03-13T14:38:41.453Z] >>> HTTP REQUEST GET https://cloudfunctions.googleapis.com/v1/operations/cnViYmVyZHViZHViLTRiMTVmL3VzLWNlbnRyYWwxL2FwaS91MTFpN3pLcnVzbw  
 
[debug] [2021-03-13T14:38:41.697Z] <<< HTTP RESPONSE 200 {"content-type":"application/json; charset=UTF-8","vary":"X-Origin, Referer, Origin,Accept-Encoding","date":"Sat, 13 Mar 2021 14:38:41 GMT","server":"ESF","cache-control":"private","x-xss-protection":"0","x-frame-options":"SAMEORIGIN","x-content-type-options":"nosniff","alt-svc":"h3-29=\":443\"; ma=2592000,h3-T051=\":443\"; ma=2592000,h3-Q050=\":443\"; ma=2592000,h3-Q046=\":443\"; ma=2592000,h3-Q043=\":443\"; ma=2592000,quic=\":443\"; ma=2592000; v=\"46,43\"","accept-ranges":"none","transfer-encoding":"chunked"}
[debug] [2021-03-13T14:38:43.699Z] >>> HTTP REQUEST GET https://cloudfunctions.googleapis.com/v1/operations/cnViYmVyZHViZHViLTRiMTVmL3VzLWNlbnRyYWwxL2FwaS91MTFpN3pLcnVzbw  
 
[debug] [2021-03-13T14:38:43.940Z] <<< HTTP RESPONSE 200 {"content-type":"application/json; charset=UTF-8","vary":"X-Origin, Referer, Origin,Accept-Encoding","date":"Sat, 13 Mar 2021 14:38:43 GMT","server":"ESF","cache-control":"private","x-xss-protection":"0","x-frame-options":"SAMEORIGIN","x-content-type-options":"nosniff","alt-svc":"h3-29=\":443\"; ma=2592000,h3-T051=\":443\"; ma=2592000,h3-Q050=\":443\"; ma=2592000,h3-Q046=\":443\"; ma=2592000,h3-Q043=\":443\"; ma=2592000,quic=\":443\"; ma=2592000; v=\"46,43\"","accept-ranges":"none","transfer-encoding":"chunked"}
[debug] [2021-03-13T14:38:45.942Z] >>> HTTP REQUEST GET https://cloudfunctions.googleapis.com/v1/operations/cnViYmVyZHViZHViLTRiMTVmL3VzLWNlbnRyYWwxL2FwaS91MTFpN3pLcnVzbw  
 
[debug] [2021-03-13T14:38:46.177Z] <<< HTTP RESPONSE 200 {"content-type":"application/json; charset=UTF-8","vary":"X-Origin, Referer, Origin,Accept-Encoding","date":"Sat, 13 Mar 2021 14:38:46 GMT","server":"ESF","cache-control":"private","x-xss-protection":"0","x-frame-options":"SAMEORIGIN","x-content-type-options":"nosniff","alt-svc":"h3-29=\":443\"; ma=2592000,h3-T051=\":443\"; ma=2592000,h3-Q050=\":443\"; ma=2592000,h3-Q046=\":443\"; ma=2592000,h3-Q043=\":443\"; ma=2592000,quic=\":443\"; ma=2592000; v=\"46,43\"","accept-ranges":"none","transfer-encoding":"chunked"}
[debug] [2021-03-13T14:38:48.179Z] >>> HTTP REQUEST GET https://cloudfunctions.googleapis.com/v1/operations/cnViYmVyZHViZHViLTRiMTVmL3VzLWNlbnRyYWwxL2FwaS91MTFpN3pLcnVzbw  
 
[debug] [2021-03-13T14:38:48.432Z] <<< HTTP RESPONSE 200 {"content-type":"application/json; charset=UTF-8","vary":"X-Origin, Referer, Origin,Accept-Encoding","date":"Sat, 13 Mar 2021 14:38:48 GMT","server":"ESF","cache-control":"private","x-xss-protection":"0","x-frame-options":"SAMEORIGIN","x-content-type-options":"nosniff","alt-svc":"h3-29=\":443\"; ma=2592000,h3-T051=\":443\"; ma=2592000,h3-Q050=\":443\"; ma=2592000,h3-Q046=\":443\"; ma=2592000,h3-Q043=\":443\"; ma=2592000,quic=\":443\"; ma=2592000; v=\"46,43\"","accept-ranges":"none","transfer-encoding":"chunked"}
[debug] [2021-03-13T14:38:50.434Z] >>> HTTP REQUEST GET https://cloudfunctions.googleapis.com/v1/operations/cnViYmVyZHViZHViLTRiMTVmL3VzLWNlbnRyYWwxL2FwaS91MTFpN3pLcnVzbw  
 
[debug] [2021-03-13T14:38:50.683Z] <<< HTTP RESPONSE 200 {"content-type":"application/json; charset=UTF-8","vary":"X-Origin, Referer, Origin,Accept-Encoding","date":"Sat, 13 Mar 2021 14:38:50 GMT","server":"ESF","cache-control":"private","x-xss-protection":"0","x-frame-options":"SAMEORIGIN","x-content-type-options":"nosniff","alt-svc":"h3-29=\":443\"; ma=2592000,h3-T051=\":443\"; ma=2592000,h3-Q050=\":443\"; ma=2592000,h3-Q046=\":443\"; ma=2592000,h3-Q043=\":443\"; ma=2592000,quic=\":443\"; ma=2592000; v=\"46,43\"","accept-ranges":"none","transfer-encoding":"chunked"}
[debug] [2021-03-13T14:38:52.684Z] >>> HTTP REQUEST GET https://cloudfunctions.googleapis.com/v1/operations/cnViYmVyZHViZHViLTRiMTVmL3VzLWNlbnRyYWwxL2FwaS91MTFpN3pLcnVzbw  
 
[debug] [2021-03-13T14:38:52.931Z] <<< HTTP RESPONSE 200 {"content-type":"application/json; charset=UTF-8","vary":"X-Origin, Referer, Origin,Accept-Encoding","date":"Sat, 13 Mar 2021 14:38:52 GMT","server":"ESF","cache-control":"private","x-xss-protection":"0","x-frame-options":"SAMEORIGIN","x-content-type-options":"nosniff","alt-svc":"h3-29=\":443\"; ma=2592000,h3-T051=\":443\"; ma=2592000,h3-Q050=\":443\"; ma=2592000,h3-Q046=\":443\"; ma=2592000,h3-Q043=\":443\"; ma=2592000,quic=\":443\"; ma=2592000; v=\"46,43\"","accept-ranges":"none","transfer-encoding":"chunked"}
[debug] [2021-03-13T14:38:54.932Z] >>> HTTP REQUEST GET https://cloudfunctions.googleapis.com/v1/operations/cnViYmVyZHViZHViLTRiMTVmL3VzLWNlbnRyYWwxL2FwaS91MTFpN3pLcnVzbw  
 
[debug] [2021-03-13T14:38:55.178Z] <<< HTTP RESPONSE 200 {"content-type":"application/json; charset=UTF-8","vary":"X-Origin, Referer, Origin,Accept-Encoding","date":"Sat, 13 Mar 2021 14:38:55 GMT","server":"ESF","cache-control":"private","x-xss-protection":"0","x-frame-options":"SAMEORIGIN","x-content-type-options":"nosniff","alt-svc":"h3-29=\":443\"; ma=2592000,h3-T051=\":443\"; ma=2592000,h3-Q050=\":443\"; ma=2592000,h3-Q046=\":443\"; ma=2592000,h3-Q043=\":443\"; ma=2592000,quic=\":443\"; ma=2592000; v=\"46,43\"","accept-ranges":"none","transfer-encoding":"chunked"}
[debug] [2021-03-13T14:38:57.180Z] >>> HTTP REQUEST GET https://cloudfunctions.googleapis.com/v1/operations/cnViYmVyZHViZHViLTRiMTVmL3VzLWNlbnRyYWwxL2FwaS91MTFpN3pLcnVzbw  
 
[debug] [2021-03-13T14:38:57.444Z] <<< HTTP RESPONSE 200 {"content-type":"application/json; charset=UTF-8","vary":"X-Origin, Referer, Origin,Accept-Encoding","date":"Sat, 13 Mar 2021 14:38:57 GMT","server":"ESF","cache-control":"private","x-xss-protection":"0","x-frame-options":"SAMEORIGIN","x-content-type-options":"nosniff","alt-svc":"h3-29=\":443\"; ma=2592000,h3-T051=\":443\"; ma=2592000,h3-Q050=\":443\"; ma=2592000,h3-Q046=\":443\"; ma=2592000,h3-Q043=\":443\"; ma=2592000,quic=\":443\"; ma=2592000; v=\"46,43\"","accept-ranges":"none","transfer-encoding":"chunked"}
[debug] [2021-03-13T14:38:59.447Z] >>> HTTP REQUEST GET https://cloudfunctions.googleapis.com/v1/operations/cnViYmVyZHViZHViLTRiMTVmL3VzLWNlbnRyYWwxL2FwaS91MTFpN3pLcnVzbw  
 
[debug] [2021-03-13T14:38:59.703Z] <<< HTTP RESPONSE 200 {"content-type":"application/json; charset=UTF-8","vary":"X-Origin, Referer, Origin,Accept-Encoding","date":"Sat, 13 Mar 2021 14:38:59 GMT","server":"ESF","cache-control":"private","x-xss-protection":"0","x-frame-options":"SAMEORIGIN","x-content-type-options":"nosniff","alt-svc":"h3-29=\":443\"; ma=2592000,h3-T051=\":443\"; ma=2592000,h3-Q050=\":443\"; ma=2592000,h3-Q046=\":443\"; ma=2592000,h3-Q043=\":443\"; ma=2592000,quic=\":443\"; ma=2592000; v=\"46,43\"","accept-ranges":"none","transfer-encoding":"chunked"}
[debug] [2021-03-13T14:39:01.711Z] >>> HTTP REQUEST GET https://cloudfunctions.googleapis.com/v1/operations/cnViYmVyZHViZHViLTRiMTVmL3VzLWNlbnRyYWwxL2FwaS91MTFpN3pLcnVzbw  
 
[debug] [2021-03-13T14:39:01.951Z] <<< HTTP RESPONSE 200 {"content-type":"application/json; charset=UTF-8","vary":"X-Origin, Referer, Origin,Accept-Encoding","date":"Sat, 13 Mar 2021 14:39:01 GMT","server":"ESF","cache-control":"private","x-xss-protection":"0","x-frame-options":"SAMEORIGIN","x-content-type-options":"nosniff","alt-svc":"h3-29=\":443\"; ma=2592000,h3-T051=\":443\"; ma=2592000,h3-Q050=\":443\"; ma=2592000,h3-Q046=\":443\"; ma=2592000,h3-Q043=\":443\"; ma=2592000,quic=\":443\"; ma=2592000; v=\"46,43\"","accept-ranges":"none","transfer-encoding":"chunked"}
[debug] [2021-03-13T14:39:03.953Z] >>> HTTP REQUEST GET https://cloudfunctions.googleapis.com/v1/operations/cnViYmVyZHViZHViLTRiMTVmL3VzLWNlbnRyYWwxL2FwaS91MTFpN3pLcnVzbw  
 
[debug] [2021-03-13T14:39:04.185Z] <<< HTTP RESPONSE 200 {"content-type":"application/json; charset=UTF-8","vary":"X-Origin, Referer, Origin,Accept-Encoding","date":"Sat, 13 Mar 2021 14:39:04 GMT","server":"ESF","cache-control":"private","x-xss-protection":"0","x-frame-options":"SAMEORIGIN","x-content-type-options":"nosniff","alt-svc":"h3-29=\":443\"; ma=2592000,h3-T051=\":443\"; ma=2592000,h3-Q050=\":443\"; ma=2592000,h3-Q046=\":443\"; ma=2592000,h3-Q043=\":443\"; ma=2592000,quic=\":443\"; ma=2592000; v=\"46,43\"","accept-ranges":"none","transfer-encoding":"chunked"}
[debug] [2021-03-13T14:39:06.187Z] >>> HTTP REQUEST GET https://cloudfunctions.googleapis.com/v1/operations/cnViYmVyZHViZHViLTRiMTVmL3VzLWNlbnRyYWwxL2FwaS91MTFpN3pLcnVzbw  
 
[debug] [2021-03-13T14:39:06.456Z] <<< HTTP RESPONSE 200 {"content-type":"application/json; charset=UTF-8","vary":"X-Origin, Referer, Origin,Accept-Encoding","date":"Sat, 13 Mar 2021 14:39:06 GMT","server":"ESF","cache-control":"private","x-xss-protection":"0","x-frame-options":"SAMEORIGIN","x-content-type-options":"nosniff","alt-svc":"h3-29=\":443\"; ma=2592000,h3-T051=\":443\"; ma=2592000,h3-Q050=\":443\"; ma=2592000,h3-Q046=\":443\"; ma=2592000,h3-Q043=\":443\"; ma=2592000,quic=\":443\"; ma=2592000; v=\"46,43\"","accept-ranges":"none","transfer-encoding":"chunked"}
[debug] [2021-03-13T14:39:08.457Z] >>> HTTP REQUEST GET https://cloudfunctions.googleapis.com/v1/operations/cnViYmVyZHViZHViLTRiMTVmL3VzLWNlbnRyYWwxL2FwaS91MTFpN3pLcnVzbw  
 
[debug] [2021-03-13T14:39:08.722Z] <<< HTTP RESPONSE 200 {"content-type":"application/json; charset=UTF-8","vary":"X-Origin, Referer, Origin,Accept-Encoding","date":"Sat, 13 Mar 2021 14:39:08 GMT","server":"ESF","cache-control":"private","x-xss-protection":"0","x-frame-options":"SAMEORIGIN","x-content-type-options":"nosniff","alt-svc":"h3-29=\":443\"; ma=2592000,h3-T051=\":443\"; ma=2592000,h3-Q050=\":443\"; ma=2592000,h3-Q046=\":443\"; ma=2592000,h3-Q043=\":443\"; ma=2592000,quic=\":443\"; ma=2592000; v=\"46,43\"","accept-ranges":"none","transfer-encoding":"chunked"}
[debug] [2021-03-13T14:39:10.723Z] >>> HTTP REQUEST GET https://cloudfunctions.googleapis.com/v1/operations/cnViYmVyZHViZHViLTRiMTVmL3VzLWNlbnRyYWwxL2FwaS91MTFpN3pLcnVzbw  
 
[debug] [2021-03-13T14:39:10.980Z] <<< HTTP RESPONSE 200 {"content-type":"application/json; charset=UTF-8","vary":"X-Origin, Referer, Origin,Accept-Encoding","date":"Sat, 13 Mar 2021 14:39:11 GMT","server":"ESF","cache-control":"private","x-xss-protection":"0","x-frame-options":"SAMEORIGIN","x-content-type-options":"nosniff","alt-svc":"h3-29=\":443\"; ma=2592000,h3-T051=\":443\"; ma=2592000,h3-Q050=\":443\"; ma=2592000,h3-Q046=\":443\"; ma=2592000,h3-Q043=\":443\"; ma=2592000,quic=\":443\"; ma=2592000; v=\"46,43\"","accept-ranges":"none","transfer-encoding":"chunked"}
[debug] [2021-03-13T14:39:12.982Z] >>> HTTP REQUEST GET https://cloudfunctions.googleapis.com/v1/operations/cnViYmVyZHViZHViLTRiMTVmL3VzLWNlbnRyYWwxL2FwaS91MTFpN3pLcnVzbw  
 
[debug] [2021-03-13T14:39:13.215Z] <<< HTTP RESPONSE 200 {"content-type":"application/json; charset=UTF-8","vary":"X-Origin, Referer, Origin,Accept-Encoding","date":"Sat, 13 Mar 2021 14:39:13 GMT","server":"ESF","cache-control":"private","x-xss-protection":"0","x-frame-options":"SAMEORIGIN","x-content-type-options":"nosniff","alt-svc":"h3-29=\":443\"; ma=2592000,h3-T051=\":443\"; ma=2592000,h3-Q050=\":443\"; ma=2592000,h3-Q046=\":443\"; ma=2592000,h3-Q043=\":443\"; ma=2592000,quic=\":443\"; ma=2592000; v=\"46,43\"","accept-ranges":"none","transfer-encoding":"chunked"}
[debug] [2021-03-13T14:39:15.218Z] >>> HTTP REQUEST GET https://cloudfunctions.googleapis.com/v1/operations/cnViYmVyZHViZHViLTRiMTVmL3VzLWNlbnRyYWwxL2FwaS91MTFpN3pLcnVzbw  
 
[debug] [2021-03-13T14:39:15.484Z] <<< HTTP RESPONSE 200 {"content-type":"application/json; charset=UTF-8","vary":"X-Origin, Referer, Origin,Accept-Encoding","date":"Sat, 13 Mar 2021 14:39:15 GMT","server":"ESF","cache-control":"private","x-xss-protection":"0","x-frame-options":"SAMEORIGIN","x-content-type-options":"nosniff","alt-svc":"h3-29=\":443\"; ma=2592000,h3-T051=\":443\"; ma=2592000,h3-Q050=\":443\"; ma=2592000,h3-Q046=\":443\"; ma=2592000,h3-Q043=\":443\"; ma=2592000,quic=\":443\"; ma=2592000; v=\"46,43\"","accept-ranges":"none","transfer-encoding":"chunked"}
[debug] [2021-03-13T14:39:17.486Z] >>> HTTP REQUEST GET https://cloudfunctions.googleapis.com/v1/operations/cnViYmVyZHViZHViLTRiMTVmL3VzLWNlbnRyYWwxL2FwaS91MTFpN3pLcnVzbw  
 
[debug] [2021-03-13T14:39:17.732Z] <<< HTTP RESPONSE 200 {"content-type":"application/json; charset=UTF-8","vary":"X-Origin, Referer, Origin,Accept-Encoding","date":"Sat, 13 Mar 2021 14:39:17 GMT","server":"ESF","cache-control":"private","x-xss-protection":"0","x-frame-options":"SAMEORIGIN","x-content-type-options":"nosniff","alt-svc":"h3-29=\":443\"; ma=2592000,h3-T051=\":443\"; ma=2592000,h3-Q050=\":443\"; ma=2592000,h3-Q046=\":443\"; ma=2592000,h3-Q043=\":443\"; ma=2592000,quic=\":443\"; ma=2592000; v=\"46,43\"","accept-ranges":"none","transfer-encoding":"chunked"}
[debug] [2021-03-13T14:39:19.733Z] >>> HTTP REQUEST GET https://cloudfunctions.googleapis.com/v1/operations/cnViYmVyZHViZHViLTRiMTVmL3VzLWNlbnRyYWwxL2FwaS91MTFpN3pLcnVzbw  
 
[debug] [2021-03-13T14:39:20.150Z] <<< HTTP RESPONSE 200 {"content-type":"application/json; charset=UTF-8","vary":"X-Origin, Referer, Origin,Accept-Encoding","date":"Sat, 13 Mar 2021 14:39:20 GMT","server":"ESF","cache-control":"private","x-xss-protection":"0","x-frame-options":"SAMEORIGIN","x-content-type-options":"nosniff","alt-svc":"h3-29=\":443\"; ma=2592000,h3-T051=\":443\"; ma=2592000,h3-Q050=\":443\"; ma=2592000,h3-Q046=\":443\"; ma=2592000,h3-Q043=\":443\"; ma=2592000,quic=\":443\"; ma=2592000; v=\"46,43\"","accept-ranges":"none","transfer-encoding":"chunked"}
[debug] [2021-03-13T14:39:22.153Z] >>> HTTP REQUEST GET https://cloudfunctions.googleapis.com/v1/operations/cnViYmVyZHViZHViLTRiMTVmL3VzLWNlbnRyYWwxL2FwaS91MTFpN3pLcnVzbw  
 
[debug] [2021-03-13T14:39:22.422Z] <<< HTTP RESPONSE 200 {"content-type":"application/json; charset=UTF-8","vary":"X-Origin, Referer, Origin,Accept-Encoding","date":"Sat, 13 Mar 2021 14:39:22 GMT","server":"ESF","cache-control":"private","x-xss-protection":"0","x-frame-options":"SAMEORIGIN","x-content-type-options":"nosniff","alt-svc":"h3-29=\":443\"; ma=2592000,h3-T051=\":443\"; ma=2592000,h3-Q050=\":443\"; ma=2592000,h3-Q046=\":443\"; ma=2592000,h3-Q043=\":443\"; ma=2592000,quic=\":443\"; ma=2592000; v=\"46,43\"","accept-ranges":"none","transfer-encoding":"chunked"}
[debug] [2021-03-13T14:39:24.426Z] >>> HTTP REQUEST GET https://cloudfunctions.googleapis.com/v1/operations/cnViYmVyZHViZHViLTRiMTVmL3VzLWNlbnRyYWwxL2FwaS91MTFpN3pLcnVzbw  
 
[debug] [2021-03-13T14:39:24.671Z] <<< HTTP RESPONSE 200 {"content-type":"application/json; charset=UTF-8","vary":"X-Origin, Referer, Origin,Accept-Encoding","date":"Sat, 13 Mar 2021 14:39:24 GMT","server":"ESF","cache-control":"private","x-xss-protection":"0","x-frame-options":"SAMEORIGIN","x-content-type-options":"nosniff","alt-svc":"h3-29=\":443\"; ma=2592000,h3-T051=\":443\"; ma=2592000,h3-Q050=\":443\"; ma=2592000,h3-Q046=\":443\"; ma=2592000,h3-Q043=\":443\"; ma=2592000,quic=\":443\"; ma=2592000; v=\"46,43\"","accept-ranges":"none","transfer-encoding":"chunked"}
[debug] [2021-03-13T14:39:26.675Z] >>> HTTP REQUEST GET https://cloudfunctions.googleapis.com/v1/operations/cnViYmVyZHViZHViLTRiMTVmL3VzLWNlbnRyYWwxL2FwaS91MTFpN3pLcnVzbw  
 
[debug] [2021-03-13T14:39:26.929Z] <<< HTTP RESPONSE 200 {"content-type":"application/json; charset=UTF-8","vary":"X-Origin, Referer, Origin,Accept-Encoding","date":"Sat, 13 Mar 2021 14:39:26 GMT","server":"ESF","cache-control":"private","x-xss-protection":"0","x-frame-options":"SAMEORIGIN","x-content-type-options":"nosniff","alt-svc":"h3-29=\":443\"; ma=2592000,h3-T051=\":443\"; ma=2592000,h3-Q050=\":443\"; ma=2592000,h3-Q046=\":443\"; ma=2592000,h3-Q043=\":443\"; ma=2592000,quic=\":443\"; ma=2592000; v=\"46,43\"","accept-ranges":"none","transfer-encoding":"chunked"}
[debug] [2021-03-13T14:39:28.930Z] >>> HTTP REQUEST GET https://cloudfunctions.googleapis.com/v1/operations/cnViYmVyZHViZHViLTRiMTVmL3VzLWNlbnRyYWwxL2FwaS91MTFpN3pLcnVzbw  
 
[debug] [2021-03-13T14:39:29.175Z] <<< HTTP RESPONSE 200 {"content-type":"application/json; charset=UTF-8","vary":"X-Origin, Referer, Origin,Accept-Encoding","date":"Sat, 13 Mar 2021 14:39:29 GMT","server":"ESF","cache-control":"private","x-xss-protection":"0","x-frame-options":"SAMEORIGIN","x-content-type-options":"nosniff","alt-svc":"h3-29=\":443\"; ma=2592000,h3-T051=\":443\"; ma=2592000,h3-Q050=\":443\"; ma=2592000,h3-Q046=\":443\"; ma=2592000,h3-Q043=\":443\"; ma=2592000,quic=\":443\"; ma=2592000; v=\"46,43\"","accept-ranges":"none","transfer-encoding":"chunked"}
